<?xml version="1.0" encoding="UTF-8"?>
<!-- Generated by org.testng.reporters.JUnitReportReporter -->
<testsuite hostname="DE-L083646" failures="0" tests="3" name="com.AutomationTalks.demoProject_1.TestClass1" time="22.133" errors="0" timestamp="2023-03-23T11:26:59 CET" skipped="0">
  <testcase classname="com.AutomationTalks.demoProject_1.TestClass1" name="Test2" time="6.953"/>
  <system-out/>
  <testcase classname="com.AutomationTalks.demoProject_1.TestClass1" name="Test1" time="8.690"/>
  <system-out/>
  <testcase classname="com.AutomationTalks.demoProject_1.TestClass1" name="Test3" time="6.490"/>
  <system-out/>
</testsuite> <!-- com.AutomationTalks.demoProject_1.TestClass1 -->
