<?xml version="1.0" encoding="UTF-8"?>
<!-- Generated by org.testng.reporters.JUnitReportReporter -->
<testsuite hostname="DE-L083646" failures="0" tests="3" name="com.AutomationTalks.demoProject_1.TestClass1" time="30.490" errors="0" timestamp="2023-03-23T11:28:40 CET" skipped="0">
  <testcase classname="com.AutomationTalks.demoProject_1.TestClass1" name="Test3" time="8.383"/>
  <system-out/>
  <testcase classname="com.AutomationTalks.demoProject_1.TestClass1" name="Test1" time="13.297"/>
  <system-out/>
  <testcase classname="com.AutomationTalks.demoProject_1.TestClass1" name="Test2" time="8.810"/>
  <system-out/>
</testsuite> <!-- com.AutomationTalks.demoProject_1.TestClass1 -->
